<?xml version="1.0" encoding="UTF-8"?>
<!-- Generated by org.testng.reporters.JUnitReportReporter -->
<testsuite skipped="0" hostname="LAPTOP-6SFP78ED" name="com.lynkitsupplychainframework.testcases.DeliveryChallanDispatchTest" tests="1" failures="0" timestamp="2020-07-11T20:15:11 IST" time="6.841" errors="0">
  <testcase name="loginApp" time="6.841" classname="com.lynkitsupplychainframework.testcases.DeliveryChallanDispatchTest"/>
  <system-out/>
</testsuite> <!-- com.lynkitsupplychainframework.testcases.DeliveryChallanDispatchTest -->
