<?xml version="1.0" encoding="UTF-8"?>
<!-- Generated by org.testng.reporters.JUnitReportReporter -->
<testsuite skipped="0" hostname="LAPTOP-6SFP78ED" name="com.lynkitsupplychainframework.testcases.PTLGodownTest" tests="7" failures="0" timestamp="2020-07-28T14:00:03 IST" time="40.984" errors="0">
  <testcase name="loginApp" time="8.706" classname="com.lynkitsupplychainframework.testcases.PTLGodownTest"/>
  <system-out/>
  <testcase name="basicDetails" time="12.439" classname="com.lynkitsupplychainframework.testcases.PTLGodownTest"/>
  <system-out/>
  <testcase name="createBill" time="2.772" classname="com.lynkitsupplychainframework.testcases.PTLGodownTest"/>
  <system-out/>
  <testcase name="weightDetails" time="2.355" classname="com.lynkitsupplychainframework.testcases.PTLGodownTest"/>
  <system-out/>
  <testcase name="invoiceDetails" time="2.765" classname="com.lynkitsupplychainframework.testcases.PTLGodownTest"/>
  <system-out/>
  <testcase name="paymentDetails" time="4.975" classname="com.lynkitsupplychainframework.testcases.PTLGodownTest"/>
  <system-out/>
  <testcase name="createGoods" time="6.972" classname="com.lynkitsupplychainframework.testcases.PTLGodownTest"/>
  <system-out/>
</testsuite> <!-- com.lynkitsupplychainframework.testcases.PTLGodownTest -->
