<?xml version="1.0" encoding="UTF-8"?>
<!-- Generated by org.testng.reporters.JUnitReportReporter -->
<testsuite skipped="0" hostname="LAPTOP-6SFP78ED" name="com.lynkitsupplychainframework.testcases.CreateDeliveryChallanTest" tests="4" failures="0" timestamp="2020-07-28T14:03:24 IST" time="42.869" errors="0">
  <testcase name="loginApp" time="17.546" classname="com.lynkitsupplychainframework.testcases.CreateDeliveryChallanTest"/>
  <system-out/>
  <testcase name="createDelChallan" time="7.253" classname="com.lynkitsupplychainframework.testcases.CreateDeliveryChallanTest"/>
  <system-out/>
  <testcase name="consignorPopup" time="12.160" classname="com.lynkitsupplychainframework.testcases.CreateDeliveryChallanTest"/>
  <system-out/>
  <testcase name="createDC" time="5.910" classname="com.lynkitsupplychainframework.testcases.CreateDeliveryChallanTest"/>
  <system-out/>
</testsuite> <!-- com.lynkitsupplychainframework.testcases.CreateDeliveryChallanTest -->
