<?xml version="1.0" encoding="UTF-8"?>
<!-- Generated by org.testng.reporters.JUnitReportReporter -->
<testsuite skipped="0" hostname="LAPTOP-6SFP78ED" name="com.lynkitsupplychainframework.testcases.SendMailTest" tests="1" failures="0" timestamp="2020-07-28T14:03:59 IST" time="16.703" errors="0">
  <testcase name="loginApp" time="16.703" classname="com.lynkitsupplychainframework.testcases.SendMailTest"/>
  <system-out/>
</testsuite> <!-- com.lynkitsupplychainframework.testcases.SendMailTest -->
