<?xml version="1.0" encoding="UTF-8"?>
<!-- Generated by org.testng.reporters.JUnitReportReporter -->
<testsuite skipped="0" hostname="LAPTOP-6SFP78ED" name="com.lynkitsupplychainframework.testcases.FTLDoorDeliveryTest" tests="7" failures="0" timestamp="2020-06-17T18:43:30 IST" time="18.331" errors="0">
  <testcase name="loginApp" time="4.342" classname="com.lynkitsupplychainframework.testcases.FTLDoorDeliveryTest"/>
  <system-out/>
  <testcase name="basicDetails" time="6.482" classname="com.lynkitsupplychainframework.testcases.FTLDoorDeliveryTest"/>
  <system-out/>
  <testcase name="createBill" time="1.216" classname="com.lynkitsupplychainframework.testcases.FTLDoorDeliveryTest"/>
  <system-out/>
  <testcase name="weightDetails" time="1.968" classname="com.lynkitsupplychainframework.testcases.FTLDoorDeliveryTest"/>
  <system-out/>
  <testcase name="invoiceDetails" time="1.357" classname="com.lynkitsupplychainframework.testcases.FTLDoorDeliveryTest"/>
  <system-out/>
  <testcase name="paymentDetails" time="2.141" classname="com.lynkitsupplychainframework.testcases.FTLDoorDeliveryTest"/>
  <system-out/>
  <testcase name="createGoods" time="0.825" classname="com.lynkitsupplychainframework.testcases.FTLDoorDeliveryTest"/>
  <system-out/>
</testsuite> <!-- com.lynkitsupplychainframework.testcases.FTLDoorDeliveryTest -->
