<?xml version="1.0" encoding="UTF-8"?>
<!-- Generated by org.testng.reporters.JUnitReportReporter -->
<testsuite skipped="0" hostname="LAPTOP-6SFP78ED" name="com.lynkitsupplychainframework.testcases.PTLGodownTest" tests="7" failures="0" timestamp="2020-07-15T20:17:10 IST" time="37.574" errors="0">
  <testcase name="loginApp" time="9.304" classname="com.lynkitsupplychainframework.testcases.PTLGodownTest"/>
  <system-out/>
  <testcase name="basicDetails" time="6.943" classname="com.lynkitsupplychainframework.testcases.PTLGodownTest"/>
  <system-out/>
  <testcase name="createBill" time="3.500" classname="com.lynkitsupplychainframework.testcases.PTLGodownTest"/>
  <system-out/>
  <testcase name="weightDetails" time="2.384" classname="com.lynkitsupplychainframework.testcases.PTLGodownTest"/>
  <system-out/>
  <testcase name="invoiceDetails" time="3.310" classname="com.lynkitsupplychainframework.testcases.PTLGodownTest"/>
  <system-out/>
  <testcase name="paymentDetails" time="5.275" classname="com.lynkitsupplychainframework.testcases.PTLGodownTest"/>
  <system-out/>
  <testcase name="createGoods" time="6.858" classname="com.lynkitsupplychainframework.testcases.PTLGodownTest"/>
  <system-out/>
</testsuite> <!-- com.lynkitsupplychainframework.testcases.PTLGodownTest -->
