<?xml version="1.0" encoding="UTF-8"?>
<!-- Generated by org.testng.reporters.JUnitReportReporter -->
<testsuite skipped="0" hostname="LAPTOP-6SFP78ED" name="com.lynkitsupplychainframework.testcases.PTLGodownTest" tests="7" failures="0" timestamp="2020-06-25T17:42:10 IST" time="25.279" errors="0">
  <testcase name="loginApp" time="8.779" classname="com.lynkitsupplychainframework.testcases.PTLGodownTest"/>
  <system-out/>
  <testcase name="basicDetails" time="5.206" classname="com.lynkitsupplychainframework.testcases.PTLGodownTest"/>
  <system-out/>
  <testcase name="createBill" time="1.704" classname="com.lynkitsupplychainframework.testcases.PTLGodownTest"/>
  <system-out/>
  <testcase name="weightDetails" time="1.671" classname="com.lynkitsupplychainframework.testcases.PTLGodownTest"/>
  <system-out/>
  <testcase name="invoiceDetails" time="2.143" classname="com.lynkitsupplychainframework.testcases.PTLGodownTest"/>
  <system-out/>
  <testcase name="paymentDetails" time="4.721" classname="com.lynkitsupplychainframework.testcases.PTLGodownTest"/>
  <system-out/>
  <testcase name="createGoods" time="1.055" classname="com.lynkitsupplychainframework.testcases.PTLGodownTest"/>
  <system-out/>
</testsuite> <!-- com.lynkitsupplychainframework.testcases.PTLGodownTest -->
