<?xml version="1.0" encoding="UTF-8"?>
<!-- Generated by org.testng.reporters.JUnitReportReporter -->
<testsuite skipped="0" hostname="LAPTOP-6SFP78ED" name="com.lynkitsupplychainframework.testcases.CreateDeliveryChallanTest" tests="4" failures="0" timestamp="2020-07-15T20:24:13 IST" time="39.431" errors="0">
  <testcase name="loginApp" time="16.336" classname="com.lynkitsupplychainframework.testcases.CreateDeliveryChallanTest"/>
  <system-out/>
  <testcase name="createDelChallan" time="5.617" classname="com.lynkitsupplychainframework.testcases.CreateDeliveryChallanTest"/>
  <system-out/>
  <testcase name="consignorPopup" time="11.864" classname="com.lynkitsupplychainframework.testcases.CreateDeliveryChallanTest"/>
  <system-out/>
  <testcase name="createDC" time="5.614" classname="com.lynkitsupplychainframework.testcases.CreateDeliveryChallanTest"/>
  <system-out/>
</testsuite> <!-- com.lynkitsupplychainframework.testcases.CreateDeliveryChallanTest -->
