<?xml version="1.0" encoding="UTF-8"?>
<!-- Generated by org.testng.reporters.JUnitReportReporter -->
<testsuite skipped="0" hostname="LAPTOP-6SFP78ED" name="com.lynkitsupplychainframework.testcases.FTLGodownTest" tests="8" failures="0" timestamp="2020-07-28T14:02:13 IST" time="76.073" errors="0">
  <testcase name="loginApp" time="8.138" classname="com.lynkitsupplychainframework.testcases.FTLGodownTest"/>
  <system-out/>
  <testcase name="basicDetails" time="7.071" classname="com.lynkitsupplychainframework.testcases.FTLGodownTest"/>
  <system-out/>
  <testcase name="createBill" time="3.441" classname="com.lynkitsupplychainframework.testcases.FTLGodownTest"/>
  <system-out/>
  <testcase name="weightDetails" time="1.979" classname="com.lynkitsupplychainframework.testcases.FTLGodownTest"/>
  <system-out/>
  <testcase name="invoiceDetails" time="2.740" classname="com.lynkitsupplychainframework.testcases.FTLGodownTest"/>
  <system-out/>
  <testcase name="paymentDetails" time="13.714" classname="com.lynkitsupplychainframework.testcases.FTLGodownTest"/>
  <system-out/>
  <testcase name="transportDetails" time="37.470" classname="com.lynkitsupplychainframework.testcases.FTLGodownTest"/>
  <system-out/>
  <testcase name="createGoods" time="1.520" classname="com.lynkitsupplychainframework.testcases.FTLGodownTest"/>
  <system-out/>
</testsuite> <!-- com.lynkitsupplychainframework.testcases.FTLGodownTest -->
