<?xml version="1.0" encoding="UTF-8"?>
<!-- Generated by org.testng.reporters.JUnitReportReporter -->
<testsuite skipped="0" hostname="LAPTOP-6SFP78ED" name="com.lynkitsupplychainframework.testcases.PTLDoorDeliveryTest" tests="7" failures="0" timestamp="2020-07-28T14:00:27 IST" time="27.117" errors="0">
  <testcase name="loginApp" time="8.946" classname="com.lynkitsupplychainframework.testcases.PTLDoorDeliveryTest"/>
  <system-out/>
  <testcase name="basicDetails" time="5.763" classname="com.lynkitsupplychainframework.testcases.PTLDoorDeliveryTest"/>
  <system-out/>
  <testcase name="createBill" time="2.061" classname="com.lynkitsupplychainframework.testcases.PTLDoorDeliveryTest"/>
  <system-out/>
  <testcase name="weightDetails" time="1.699" classname="com.lynkitsupplychainframework.testcases.PTLDoorDeliveryTest"/>
  <system-out/>
  <testcase name="invoiceDetails" time="1.862" classname="com.lynkitsupplychainframework.testcases.PTLDoorDeliveryTest"/>
  <system-out/>
  <testcase name="paymentDetails" time="5.722" classname="com.lynkitsupplychainframework.testcases.PTLDoorDeliveryTest"/>
  <system-out/>
  <testcase name="createGoods" time="1.064" classname="com.lynkitsupplychainframework.testcases.PTLDoorDeliveryTest"/>
  <system-out/>
</testsuite> <!-- com.lynkitsupplychainframework.testcases.PTLDoorDeliveryTest -->
