<?xml version="1.0" encoding="UTF-8"?>
<!-- Generated by org.testng.reporters.JUnitReportReporter -->
<testsuite skipped="0" hostname="LAPTOP-6SFP78ED" name="com.lynkitsupplychainframework.testcases.PTLGodownTest" tests="7" failures="0" timestamp="2020-08-04T20:11:11 IST" time="35.845" errors="0">
  <testcase name="loginApp" time="8.757" classname="com.lynkitsupplychainframework.testcases.PTLGodownTest"/>
  <system-out/>
  <testcase name="basicDetails" time="7.738" classname="com.lynkitsupplychainframework.testcases.PTLGodownTest"/>
  <system-out/>
  <testcase name="createBill" time="2.512" classname="com.lynkitsupplychainframework.testcases.PTLGodownTest"/>
  <system-out/>
  <testcase name="weightDetails" time="2.229" classname="com.lynkitsupplychainframework.testcases.PTLGodownTest"/>
  <system-out/>
  <testcase name="invoiceDetails" time="2.217" classname="com.lynkitsupplychainframework.testcases.PTLGodownTest"/>
  <system-out/>
  <testcase name="paymentDetails" time="7.103" classname="com.lynkitsupplychainframework.testcases.PTLGodownTest"/>
  <system-out/>
  <testcase name="createGoods" time="5.289" classname="com.lynkitsupplychainframework.testcases.PTLGodownTest"/>
  <system-out/>
</testsuite> <!-- com.lynkitsupplychainframework.testcases.PTLGodownTest -->
