<?xml version="1.0" encoding="UTF-8"?>
<!-- Generated by org.testng.reporters.JUnitReportReporter -->
<testsuite skipped="0" hostname="LAPTOP-6SFP78ED" name="com.lynkitsupplychainframework.testcases.DeliveryChallanDispatchTest" tests="1" failures="0" timestamp="2020-08-04T20:13:40 IST" time="8.120" errors="0">
  <testcase name="loginApp" time="8.120" classname="com.lynkitsupplychainframework.testcases.DeliveryChallanDispatchTest"/>
  <system-out/>
</testsuite> <!-- com.lynkitsupplychainframework.testcases.DeliveryChallanDispatchTest -->
