<?xml version="1.0" encoding="UTF-8"?>
<!-- Generated by org.testng.reporters.JUnitReportReporter -->
<testsuite skipped="0" hostname="LAPTOP-6SFP78ED" name="com.lynkitsupplychainframework.testcases.FTLDoorDeliveryTest" tests="7" failures="0" timestamp="2020-08-04T20:12:32 IST" time="27.217" errors="0">
  <testcase name="loginApp" time="9.796" classname="com.lynkitsupplychainframework.testcases.FTLDoorDeliveryTest"/>
  <system-out/>
  <testcase name="basicDetails" time="5.121" classname="com.lynkitsupplychainframework.testcases.FTLDoorDeliveryTest"/>
  <system-out/>
  <testcase name="createBill" time="1.981" classname="com.lynkitsupplychainframework.testcases.FTLDoorDeliveryTest"/>
  <system-out/>
  <testcase name="weightDetails" time="1.974" classname="com.lynkitsupplychainframework.testcases.FTLDoorDeliveryTest"/>
  <system-out/>
  <testcase name="invoiceDetails" time="2.660" classname="com.lynkitsupplychainframework.testcases.FTLDoorDeliveryTest"/>
  <system-out/>
  <testcase name="paymentDetails" time="4.252" classname="com.lynkitsupplychainframework.testcases.FTLDoorDeliveryTest"/>
  <system-out/>
  <testcase name="createGoods" time="1.433" classname="com.lynkitsupplychainframework.testcases.FTLDoorDeliveryTest"/>
  <system-out/>
</testsuite> <!-- com.lynkitsupplychainframework.testcases.FTLDoorDeliveryTest -->
