<?xml version="1.0" encoding="UTF-8"?>
<!-- Generated by org.testng.reporters.JUnitReportReporter -->
<testsuite skipped="0" hostname="LAPTOP-6SFP78ED" name="com.lynkitsupplychainframework.testcases.SendMailTest" tests="1" failures="0" timestamp="2020-07-15T20:25:54 IST" time="15.996" errors="0">
  <testcase name="loginApp" time="15.996" classname="com.lynkitsupplychainframework.testcases.SendMailTest"/>
  <system-out/>
</testsuite> <!-- com.lynkitsupplychainframework.testcases.SendMailTest -->
