<?xml version="1.0" encoding="UTF-8"?>
<!-- Generated by org.testng.reporters.JUnitReportReporter -->
<testsuite skipped="0" hostname="LAPTOP-6SFP78ED" name="com.lynkitsupplychainframework.testcases.FTLDoorDeliveryTest" tests="7" failures="0" timestamp="2020-07-15T20:21:26 IST" time="26.584" errors="0">
  <testcase name="loginApp" time="7.024" classname="com.lynkitsupplychainframework.testcases.FTLDoorDeliveryTest"/>
  <system-out/>
  <testcase name="basicDetails" time="6.213" classname="com.lynkitsupplychainframework.testcases.FTLDoorDeliveryTest"/>
  <system-out/>
  <testcase name="createBill" time="2.406" classname="com.lynkitsupplychainframework.testcases.FTLDoorDeliveryTest"/>
  <system-out/>
  <testcase name="weightDetails" time="2.235" classname="com.lynkitsupplychainframework.testcases.FTLDoorDeliveryTest"/>
  <system-out/>
  <testcase name="invoiceDetails" time="3.726" classname="com.lynkitsupplychainframework.testcases.FTLDoorDeliveryTest"/>
  <system-out/>
  <testcase name="paymentDetails" time="3.428" classname="com.lynkitsupplychainframework.testcases.FTLDoorDeliveryTest"/>
  <system-out/>
  <testcase name="createGoods" time="1.552" classname="com.lynkitsupplychainframework.testcases.FTLDoorDeliveryTest"/>
  <system-out/>
</testsuite> <!-- com.lynkitsupplychainframework.testcases.FTLDoorDeliveryTest -->
