<?xml version="1.0" encoding="UTF-8"?>
<!-- Generated by org.testng.reporters.JUnitReportReporter -->
<testsuite skipped="0" hostname="LAPTOP-6SFP78ED" name="com.lynkitsupplychainframework.testcases.CreateDeliveryChallanTest" tests="4" failures="0" timestamp="2020-07-11T19:46:54 IST" time="37.921" errors="0">
  <testcase name="loginApp" time="15.796" classname="com.lynkitsupplychainframework.testcases.CreateDeliveryChallanTest"/>
  <system-out/>
  <testcase name="createDelChallan" time="5.096" classname="com.lynkitsupplychainframework.testcases.CreateDeliveryChallanTest"/>
  <system-out/>
  <testcase name="consignorPopup" time="11.787" classname="com.lynkitsupplychainframework.testcases.CreateDeliveryChallanTest"/>
  <system-out/>
  <testcase name="createDC" time="5.242" classname="com.lynkitsupplychainframework.testcases.CreateDeliveryChallanTest"/>
  <system-out/>
</testsuite> <!-- com.lynkitsupplychainframework.testcases.CreateDeliveryChallanTest -->
