<?xml version="1.0" encoding="UTF-8"?>
<!-- Generated by org.testng.reporters.JUnitReportReporter -->
<testsuite skipped="0" hostname="LAPTOP-6SFP78ED" name="com.lynkitsupplychainframework.testcases.PTLDoorDeliveryTest" tests="7" failures="0" timestamp="2020-07-15T20:19:21 IST" time="31.707" errors="0">
  <testcase name="loginApp" time="10.138" classname="com.lynkitsupplychainframework.testcases.PTLDoorDeliveryTest"/>
  <system-out/>
  <testcase name="basicDetails" time="6.539" classname="com.lynkitsupplychainframework.testcases.PTLDoorDeliveryTest"/>
  <system-out/>
  <testcase name="createBill" time="2.628" classname="com.lynkitsupplychainframework.testcases.PTLDoorDeliveryTest"/>
  <system-out/>
  <testcase name="weightDetails" time="2.338" classname="com.lynkitsupplychainframework.testcases.PTLDoorDeliveryTest"/>
  <system-out/>
  <testcase name="invoiceDetails" time="2.567" classname="com.lynkitsupplychainframework.testcases.PTLDoorDeliveryTest"/>
  <system-out/>
  <testcase name="paymentDetails" time="6.066" classname="com.lynkitsupplychainframework.testcases.PTLDoorDeliveryTest"/>
  <system-out/>
  <testcase name="createGoods" time="1.431" classname="com.lynkitsupplychainframework.testcases.PTLDoorDeliveryTest"/>
  <system-out/>
</testsuite> <!-- com.lynkitsupplychainframework.testcases.PTLDoorDeliveryTest -->
