<?xml version="1.0" encoding="UTF-8"?>
<!-- Generated by org.testng.reporters.JUnitReportReporter -->
<testsuite skipped="0" hostname="LAPTOP-6SFP78ED" name="com.lynkitsupplychainframework.testcases.PTLDoorDeliveryTest" tests="7" failures="0" timestamp="2020-06-25T17:43:05 IST" time="27.426" errors="0">
  <testcase name="loginApp" time="9.727" classname="com.lynkitsupplychainframework.testcases.PTLDoorDeliveryTest"/>
  <system-out/>
  <testcase name="basicDetails" time="5.204" classname="com.lynkitsupplychainframework.testcases.PTLDoorDeliveryTest"/>
  <system-out/>
  <testcase name="createBill" time="1.707" classname="com.lynkitsupplychainframework.testcases.PTLDoorDeliveryTest"/>
  <system-out/>
  <testcase name="weightDetails" time="2.564" classname="com.lynkitsupplychainframework.testcases.PTLDoorDeliveryTest"/>
  <system-out/>
  <testcase name="invoiceDetails" time="2.171" classname="com.lynkitsupplychainframework.testcases.PTLDoorDeliveryTest"/>
  <system-out/>
  <testcase name="paymentDetails" time="5.005" classname="com.lynkitsupplychainframework.testcases.PTLDoorDeliveryTest"/>
  <system-out/>
  <testcase name="createGoods" time="1.048" classname="com.lynkitsupplychainframework.testcases.PTLDoorDeliveryTest"/>
  <system-out/>
</testsuite> <!-- com.lynkitsupplychainframework.testcases.PTLDoorDeliveryTest -->
