<?xml version="1.0" encoding="UTF-8"?>
<!-- Generated by org.testng.reporters.JUnitReportReporter -->
<testsuite skipped="0" hostname="LAPTOP-6SFP78ED" name="com.lynkitsupplychainframework.testcases.FTLGodownTest" tests="8" failures="0" timestamp="2020-07-16T11:22:24 IST" time="73.002" errors="0">
  <testcase name="loginApp" time="7.871" classname="com.lynkitsupplychainframework.testcases.FTLGodownTest"/>
  <system-out/>
  <testcase name="basicDetails" time="5.673" classname="com.lynkitsupplychainframework.testcases.FTLGodownTest"/>
  <system-out/>
  <testcase name="createBill" time="1.959" classname="com.lynkitsupplychainframework.testcases.FTLGodownTest"/>
  <system-out/>
  <testcase name="weightDetails" time="1.909" classname="com.lynkitsupplychainframework.testcases.FTLGodownTest"/>
  <system-out/>
  <testcase name="invoiceDetails" time="2.608" classname="com.lynkitsupplychainframework.testcases.FTLGodownTest"/>
  <system-out/>
  <testcase name="paymentDetails" time="13.097" classname="com.lynkitsupplychainframework.testcases.FTLGodownTest"/>
  <system-out/>
  <testcase name="transportDetails" time="38.263" classname="com.lynkitsupplychainframework.testcases.FTLGodownTest"/>
  <system-out/>
  <testcase name="createGoods" time="1.622" classname="com.lynkitsupplychainframework.testcases.FTLGodownTest"/>
  <system-out/>
</testsuite> <!-- com.lynkitsupplychainframework.testcases.FTLGodownTest -->
