<?xml version="1.0" encoding="UTF-8"?>
<!-- Generated by org.testng.reporters.JUnitReportReporter -->
<testsuite skipped="0" hostname="LAPTOP-6SFP78ED" name="com.lynkitsupplychainframework.testcases.FTLDoorDeliveryTest" tests="7" failures="0" timestamp="2020-06-25T17:43:57 IST" time="24.192" errors="0">
  <testcase name="loginApp" time="8.989" classname="com.lynkitsupplychainframework.testcases.FTLDoorDeliveryTest"/>
  <system-out/>
  <testcase name="basicDetails" time="5.385" classname="com.lynkitsupplychainframework.testcases.FTLDoorDeliveryTest"/>
  <system-out/>
  <testcase name="createBill" time="1.785" classname="com.lynkitsupplychainframework.testcases.FTLDoorDeliveryTest"/>
  <system-out/>
  <testcase name="weightDetails" time="2.138" classname="com.lynkitsupplychainframework.testcases.FTLDoorDeliveryTest"/>
  <system-out/>
  <testcase name="invoiceDetails" time="1.727" classname="com.lynkitsupplychainframework.testcases.FTLDoorDeliveryTest"/>
  <system-out/>
  <testcase name="paymentDetails" time="3.067" classname="com.lynkitsupplychainframework.testcases.FTLDoorDeliveryTest"/>
  <system-out/>
  <testcase name="createGoods" time="1.101" classname="com.lynkitsupplychainframework.testcases.FTLDoorDeliveryTest"/>
  <system-out/>
</testsuite> <!-- com.lynkitsupplychainframework.testcases.FTLDoorDeliveryTest -->
