<?xml version="1.0" encoding="UTF-8"?>
<!-- Generated by org.testng.reporters.JUnitReportReporter -->
<testsuite skipped="0" hostname="LAPTOP-6SFP78ED" name="com.lynkitsupplychainframework.testcases.FTLDoorDeliveryTest" tests="15" failures="0" timestamp="2020-07-28T14:24:40 IST" time="84.347" errors="0">
  <testcase name="loginApp" time="6.842" classname="com.lynkitsupplychainframework.testcases.FTLDoorDeliveryTest"/>
  <system-out/>
  <testcase name="basicFTLDoorDetails" time="4.398" classname="com.lynkitsupplychainframework.testcases.FTLDoorDeliveryTest"/>
  <system-out/>
  <testcase name="createFTLDoorBill" time="1.306" classname="com.lynkitsupplychainframework.testcases.FTLDoorDeliveryTest"/>
  <system-out/>
  <testcase name="weightFTLDoorDetails" time="1.937" classname="com.lynkitsupplychainframework.testcases.FTLDoorDeliveryTest"/>
  <system-out/>
  <testcase name="invoiceFTLDoorDetails" time="1.352" classname="com.lynkitsupplychainframework.testcases.FTLDoorDeliveryTest"/>
  <system-out/>
  <testcase name="paymentFTLDoorDetails" time="1.754" classname="com.lynkitsupplychainframework.testcases.FTLDoorDeliveryTest"/>
  <system-out/>
  <testcase name="createFTLDoorGoods" time="5.816" classname="com.lynkitsupplychainframework.testcases.FTLDoorDeliveryTest"/>
  <system-out/>
  <testcase name="loginFTLApp" time="5.073" classname="com.lynkitsupplychainframework.testcases.FTLDoorDeliveryTest"/>
  <system-out/>
  <testcase name="basicFTLGodownDetails" time="4.039" classname="com.lynkitsupplychainframework.testcases.FTLDoorDeliveryTest"/>
  <system-out/>
  <testcase name="createFTLGodownBill" time="1.300" classname="com.lynkitsupplychainframework.testcases.FTLDoorDeliveryTest"/>
  <system-out/>
  <testcase name="weightFTLGodownDetails" time="1.781" classname="com.lynkitsupplychainframework.testcases.FTLDoorDeliveryTest"/>
  <system-out/>
  <testcase name="invoiceFTLGodownDetails" time="1.390" classname="com.lynkitsupplychainframework.testcases.FTLDoorDeliveryTest"/>
  <system-out/>
  <testcase name="paymentFTLGodownDetails" time="11.894" classname="com.lynkitsupplychainframework.testcases.FTLDoorDeliveryTest"/>
  <system-out/>
  <testcase name="transportFTLGodownDetails" time="34.183" classname="com.lynkitsupplychainframework.testcases.FTLDoorDeliveryTest"/>
  <system-out/>
  <testcase name="createFTLGodownGoods" time="1.282" classname="com.lynkitsupplychainframework.testcases.FTLDoorDeliveryTest"/>
  <system-out/>
</testsuite> <!-- com.lynkitsupplychainframework.testcases.FTLDoorDeliveryTest -->
