<?xml version="1.0" encoding="UTF-8"?>
<!-- Generated by org.testng.reporters.JUnitReportReporter -->
<testsuite skipped="0" hostname="LAPTOP-6SFP78ED" name="com.lynkitsupplychainframework.testcases.PTLDoorDeliveryTest" tests="7" failures="0" timestamp="2020-07-11T19:44:08 IST" time="24.222" errors="0">
  <testcase name="loginApp" time="7.865" classname="com.lynkitsupplychainframework.testcases.PTLDoorDeliveryTest"/>
  <system-out/>
  <testcase name="basicDetails" time="4.553" classname="com.lynkitsupplychainframework.testcases.PTLDoorDeliveryTest"/>
  <system-out/>
  <testcase name="createBill" time="2.105" classname="com.lynkitsupplychainframework.testcases.PTLDoorDeliveryTest"/>
  <system-out/>
  <testcase name="weightDetails" time="1.587" classname="com.lynkitsupplychainframework.testcases.PTLDoorDeliveryTest"/>
  <system-out/>
  <testcase name="invoiceDetails" time="1.923" classname="com.lynkitsupplychainframework.testcases.PTLDoorDeliveryTest"/>
  <system-out/>
  <testcase name="paymentDetails" time="5.073" classname="com.lynkitsupplychainframework.testcases.PTLDoorDeliveryTest"/>
  <system-out/>
  <testcase name="createGoods" time="1.116" classname="com.lynkitsupplychainframework.testcases.PTLDoorDeliveryTest"/>
  <system-out/>
</testsuite> <!-- com.lynkitsupplychainframework.testcases.PTLDoorDeliveryTest -->
