<?xml version="1.0" encoding="UTF-8"?>
<!-- Generated by org.testng.reporters.JUnitReportReporter -->
<testsuite skipped="0" hostname="LAPTOP-6SFP78ED" name="com.lynkitsupplychainframework.testcases.FTLGodownTest" tests="8" failures="0" timestamp="2020-08-04T20:13:05 IST" time="82.120" errors="0">
  <testcase name="loginApp" time="8.826" classname="com.lynkitsupplychainframework.testcases.FTLGodownTest"/>
  <system-out/>
  <testcase name="basicDetails" time="6.826" classname="com.lynkitsupplychainframework.testcases.FTLGodownTest"/>
  <system-out/>
  <testcase name="createBill" time="3.374" classname="com.lynkitsupplychainframework.testcases.FTLGodownTest"/>
  <system-out/>
  <testcase name="weightDetails" time="2.512" classname="com.lynkitsupplychainframework.testcases.FTLGodownTest"/>
  <system-out/>
  <testcase name="invoiceDetails" time="4.464" classname="com.lynkitsupplychainframework.testcases.FTLGodownTest"/>
  <system-out/>
  <testcase name="paymentDetails" time="15.056" classname="com.lynkitsupplychainframework.testcases.FTLGodownTest"/>
  <system-out/>
  <testcase name="transportDetails" time="39.352" classname="com.lynkitsupplychainframework.testcases.FTLGodownTest"/>
  <system-out/>
  <testcase name="createGoods" time="1.710" classname="com.lynkitsupplychainframework.testcases.FTLGodownTest"/>
  <system-out/>
</testsuite> <!-- com.lynkitsupplychainframework.testcases.FTLGodownTest -->
