<?xml version="1.0" encoding="UTF-8"?>
<!-- Generated by org.testng.reporters.JUnitReportReporter -->
<testsuite skipped="0" hostname="LAPTOP-6SFP78ED" name="com.lynkitsupplychainframework.testcases.SendMailTest" tests="1" failures="0" timestamp="2020-08-04T20:14:32 IST" time="17.528" errors="0">
  <testcase name="loginApp" time="17.528" classname="com.lynkitsupplychainframework.testcases.SendMailTest"/>
  <system-out/>
</testsuite> <!-- com.lynkitsupplychainframework.testcases.SendMailTest -->
