<?xml version="1.0" encoding="UTF-8"?>
<!-- Generated by org.testng.reporters.JUnitReportReporter -->
<testsuite skipped="0" hostname="LAPTOP-6SFP78ED" name="com.lynkitsupplychainframework.testcases.DeliveryChallanDispatchTest" tests="1" failures="0" timestamp="2020-06-25T17:47:41 IST" time="6.988" errors="0">
  <testcase name="loginApp" time="6.988" classname="com.lynkitsupplychainframework.testcases.DeliveryChallanDispatchTest"/>
  <system-out/>
</testsuite> <!-- com.lynkitsupplychainframework.testcases.DeliveryChallanDispatchTest -->
