<?xml version="1.0" encoding="UTF-8"?>
<!-- Generated by org.testng.reporters.JUnitReportReporter -->
<testsuite skipped="0" hostname="LAPTOP-6SFP78ED" name="com.lynkitsupplychainframework.testcases.CreateDeliveryChallanTest" tests="4" failures="0" timestamp="2020-08-04T20:14:01 IST" time="56.614" errors="0">
  <testcase name="loginApp" time="32.161" classname="com.lynkitsupplychainframework.testcases.CreateDeliveryChallanTest"/>
  <system-out/>
  <testcase name="createDelChallan" time="6.546" classname="com.lynkitsupplychainframework.testcases.CreateDeliveryChallanTest"/>
  <system-out/>
  <testcase name="consignorPopup" time="12.194" classname="com.lynkitsupplychainframework.testcases.CreateDeliveryChallanTest"/>
  <system-out/>
  <testcase name="createDC" time="5.713" classname="com.lynkitsupplychainframework.testcases.CreateDeliveryChallanTest"/>
  <system-out/>
</testsuite> <!-- com.lynkitsupplychainframework.testcases.CreateDeliveryChallanTest -->
