<?xml version="1.0" encoding="UTF-8"?>
<!-- Generated by org.testng.reporters.JUnitReportReporter -->
<testsuite skipped="0" hostname="LAPTOP-6SFP78ED" name="com.lynkitsupplychainframework.testcases.PTLDoorDeliveryTest" tests="7" failures="0" timestamp="2020-08-04T20:11:30 IST" time="29.054" errors="0">
  <testcase name="loginApp" time="8.507" classname="com.lynkitsupplychainframework.testcases.PTLDoorDeliveryTest"/>
  <system-out/>
  <testcase name="basicDetails" time="6.470" classname="com.lynkitsupplychainframework.testcases.PTLDoorDeliveryTest"/>
  <system-out/>
  <testcase name="createBill" time="2.190" classname="com.lynkitsupplychainframework.testcases.PTLDoorDeliveryTest"/>
  <system-out/>
  <testcase name="weightDetails" time="1.941" classname="com.lynkitsupplychainframework.testcases.PTLDoorDeliveryTest"/>
  <system-out/>
  <testcase name="invoiceDetails" time="1.879" classname="com.lynkitsupplychainframework.testcases.PTLDoorDeliveryTest"/>
  <system-out/>
  <testcase name="paymentDetails" time="6.574" classname="com.lynkitsupplychainframework.testcases.PTLDoorDeliveryTest"/>
  <system-out/>
  <testcase name="createGoods" time="1.493" classname="com.lynkitsupplychainframework.testcases.PTLDoorDeliveryTest"/>
  <system-out/>
</testsuite> <!-- com.lynkitsupplychainframework.testcases.PTLDoorDeliveryTest -->
